<?xml version="1.0" encoding="UTF-8"?>
<testng-results skipped="0" failed="0" ignored="0" total="1" passed="1">
  <reporter-output>
  </reporter-output>
  <suite name="Default suite" duration-ms="86935" started-at="2018-01-01T21:05:46Z" finished-at="2018-01-01T21:07:13Z">
    <groups>
    </groups>
    <test name="Default test" duration-ms="86935" started-at="2018-01-01T21:05:46Z" finished-at="2018-01-01T21:07:13Z">
      <class name="TestScripts.Nexus_HomePageTest">
        <test-method status="PASS" signature="goToNexus()[pri:0, instance:TestScripts.Nexus_HomePageTest@20e2cbe0]" name="goToNexus" is-config="true" duration-ms="26327" started-at="2018-01-01T22:05:46Z" finished-at="2018-01-01T22:06:12Z">
          <reporter-output>
          </reporter-output>
        </test-method> <!-- goToNexus -->
        <test-method status="PASS" signature="test1()[pri:0, instance:TestScripts.Nexus_HomePageTest@20e2cbe0]" name="test1" duration-ms="59745" started-at="2018-01-01T22:06:12Z" finished-at="2018-01-01T22:07:12Z">
          <reporter-output>
          </reporter-output>
        </test-method> <!-- test1 -->
        <test-method status="PASS" signature="afterMethod()[pri:0, instance:TestScripts.Nexus_HomePageTest@20e2cbe0]" name="afterMethod" is-config="true" duration-ms="844" started-at="2018-01-01T22:07:12Z" finished-at="2018-01-01T22:07:13Z">
          <reporter-output>
          </reporter-output>
        </test-method> <!-- afterMethod -->
      </class> <!-- TestScripts.Nexus_HomePageTest -->
    </test> <!-- Default test -->
  </suite> <!-- Default suite -->
</testng-results>
