<?xml version="1.0" encoding="UTF-8"?>
<testng-results skipped="0" failed="0" ignored="0" total="1" passed="1">
  <reporter-output>
  </reporter-output>
  <suite name="Default suite" duration-ms="69006" started-at="2018-01-06T23:48:58Z" finished-at="2018-01-06T23:50:07Z">
    <groups>
    </groups>
    <test name="Default test" duration-ms="69006" started-at="2018-01-06T23:48:58Z" finished-at="2018-01-06T23:50:07Z">
      <class name="TestScripts.Nexus_HomePageTest">
        <test-method status="PASS" signature="goToNexus()[pri:0, instance:TestScripts.Nexus_HomePageTest@20e2cbe0]" name="goToNexus" is-config="true" duration-ms="25644" started-at="2018-01-07T00:48:58Z" finished-at="2018-01-07T00:49:23Z">
          <reporter-output>
          </reporter-output>
        </test-method> <!-- goToNexus -->
        <test-method status="PASS" signature="test1()[pri:0, instance:TestScripts.Nexus_HomePageTest@20e2cbe0]" name="test1" duration-ms="43342" started-at="2018-01-07T00:49:23Z" finished-at="2018-01-07T00:50:07Z">
          <reporter-output>
          </reporter-output>
        </test-method> <!-- test1 -->
        <test-method status="PASS" signature="afterMethod()[pri:0, instance:TestScripts.Nexus_HomePageTest@20e2cbe0]" name="afterMethod" is-config="true" duration-ms="0" started-at="2018-01-07T00:50:07Z" finished-at="2018-01-07T00:50:07Z">
          <reporter-output>
          </reporter-output>
        </test-method> <!-- afterMethod -->
      </class> <!-- TestScripts.Nexus_HomePageTest -->
    </test> <!-- Default test -->
  </suite> <!-- Default suite -->
</testng-results>
